0 info it worked if it ends with ok
1 verbose cli [ '/Users/shuhei/.nvm/versions/node/v6.9.3/bin/node',
1 verbose cli   '/Users/shuhei/.nvm/versions/node/v6.9.3/bin/npm',
1 verbose cli   'run',
1 verbose cli   'build' ]
2 info using npm@3.10.10
3 info using node@v6.9.3
4 verbose run-script [ 'prebuild', 'build', 'postbuild' ]
5 info lifecycle todomvc-choo@1.0.0~prebuild: todomvc-choo@1.0.0
6 silly lifecycle todomvc-choo@1.0.0~prebuild: no script for prebuild, continuing
7 info lifecycle todomvc-choo@1.0.0~build: todomvc-choo@1.0.0
8 verbose lifecycle todomvc-choo@1.0.0~build: unsafe-perm in lifecycle true
9 verbose lifecycle todomvc-choo@1.0.0~build: PATH: /Users/shuhei/.nvm/versions/node/v6.9.3/lib/node_modules/npm/bin/node-gyp-bin:/Users/shuhei/work/js/choodoo-mvc/node_modules/.bin:/Users/shuhei/dotfiles/bin:/Users/shuhei/.nvm/versions/node/v6.9.3/bin:/usr/local/heroku/bin:/Users/shuhei/.cargo/bin:/Users/shuhei/go/bin:/Users/shuhei/.local/bin:/Users/shuhei/bin:/usr/local/bin:/usr/local/sbin:/usr/local/bin:/usr/bin:/bin:/usr/sbin:/sbin:/opt/X11/bin:/Users/shuhei/dotfiles/bin:/usr/local/heroku/bin:/Users/shuhei/.cargo/bin:/Users/shuhei/go/bin:/Users/shuhei/.local/bin:/Users/shuhei/bin:/usr/local/sbin
10 verbose lifecycle todomvc-choo@1.0.0~build: CWD: /Users/shuhei/work/js/choodoo-mvc
11 silly lifecycle todomvc-choo@1.0.0~build: Args: [ '-c',
11 silly lifecycle   'bankai build -O index.js dist && node render.js > dist/index.html' ]
12 silly lifecycle todomvc-choo@1.0.0~build: Returned: code: 1  signal: null
13 info lifecycle todomvc-choo@1.0.0~build: Failed to exec build script
14 verbose stack Error: todomvc-choo@1.0.0 build: `bankai build -O index.js dist && node render.js > dist/index.html`
14 verbose stack Exit status 1
14 verbose stack     at EventEmitter.<anonymous> (/Users/shuhei/.nvm/versions/node/v6.9.3/lib/node_modules/npm/lib/utils/lifecycle.js:255:16)
14 verbose stack     at emitTwo (events.js:106:13)
14 verbose stack     at EventEmitter.emit (events.js:191:7)
14 verbose stack     at ChildProcess.<anonymous> (/Users/shuhei/.nvm/versions/node/v6.9.3/lib/node_modules/npm/lib/utils/spawn.js:40:14)
14 verbose stack     at emitTwo (events.js:106:13)
14 verbose stack     at ChildProcess.emit (events.js:191:7)
14 verbose stack     at maybeClose (internal/child_process.js:877:16)
14 verbose stack     at Process.ChildProcess._handle.onexit (internal/child_process.js:226:5)
15 verbose pkgid todomvc-choo@1.0.0
16 verbose cwd /Users/shuhei/work/js/choodoo-mvc/dist
17 error Darwin 15.6.0
18 error argv "/Users/shuhei/.nvm/versions/node/v6.9.3/bin/node" "/Users/shuhei/.nvm/versions/node/v6.9.3/bin/npm" "run" "build"
19 error node v6.9.3
20 error npm  v3.10.10
21 error code ELIFECYCLE
22 error todomvc-choo@1.0.0 build: `bankai build -O index.js dist && node render.js > dist/index.html`
22 error Exit status 1
23 error Failed at the todomvc-choo@1.0.0 build script 'bankai build -O index.js dist && node render.js > dist/index.html'.
23 error Make sure you have the latest version of node.js and npm installed.
23 error If you do, this is most likely a problem with the todomvc-choo package,
23 error not with npm itself.
23 error Tell the author that this fails on your system:
23 error     bankai build -O index.js dist && node render.js > dist/index.html
23 error You can get information on how to open an issue for this project with:
23 error     npm bugs todomvc-choo
23 error Or if that isn't available, you can get their info via:
23 error     npm owner ls todomvc-choo
23 error There is likely additional logging output above.
24 verbose exit [ 1, true ]
